<?xml version="1.0" encoding="UTF-8"?>
<!-- Generated by org.testng.reporters.JUnitReportReporter -->
<testsuite hostname="langpf11" name="org.test.Son2Test" tests="2" failures="0" timestamp="30 Aug 2013 06:51:10 GMT" time="0.000" errors="0">
  <testcase name="son2Test2" time="0.000" classname="org.test.Son2Test"/>
  <testcase name="son2Test" time="0.000" classname="org.test.Son2Test"/>
</testsuite> <!-- org.test.Son2Test -->
