<?xml version="1.0" encoding="UTF-8"?>
<!-- Generated by org.testng.reporters.JUnitReportReporter -->
<testsuite hostname="langpf11" name="org.test.Son1Test" tests="2" failures="0" timestamp="30 Aug 2013 06:51:10 GMT" time="0.016" errors="0">
  <testcase name="son1Test2" time="0.016" classname="org.test.Son1Test"/>
  <testcase name="son1Test" time="0.000" classname="org.test.Son1Test"/>
</testsuite> <!-- org.test.Son1Test -->
